<?xml version="1.0" encoding="UTF-8"?>
<testng-results ignored="0" total="3" passed="3" failed="0" skipped="0">
  <reporter-output>
  </reporter-output>
  <suite started-at="2025-02-06T16:50:48 MST" name="Suite" finished-at="2025-02-06T16:50:59 MST" duration-ms="10746">
    <groups>
    </groups>
    <test started-at="2025-02-06T16:50:48 MST" name="Chrome Test" finished-at="2025-02-06T16:50:54 MST" duration-ms="6193">
      <class name="mytests.SeleniumGridParallel">
        <test-method is-config="true" signature="setup(java.lang.String)[pri:0, instance:mytests.SeleniumGridParallel@2aceadd4]" started-at="2025-02-06T16:50:48 MST" name="setup" finished-at="2025-02-06T16:50:51 MST" duration-ms="2931" status="PASS">
          <params>
            <param index="0">
              <value>
                <![CDATA[chrome]]>
              </value>
            </param>
          </params>
          <reporter-output>
          </reporter-output>
        </test-method> <!-- setup -->
        <test-method signature="testGoogle()[pri:0, instance:mytests.SeleniumGridParallel@2aceadd4]" started-at="2025-02-06T16:50:51 MST" name="testGoogle" finished-at="2025-02-06T16:50:54 MST" duration-ms="2444" status="PASS">
          <reporter-output>
          </reporter-output>
        </test-method> <!-- testGoogle -->
        <test-method is-config="true" signature="tearDown()[pri:0, instance:mytests.SeleniumGridParallel@2aceadd4]" started-at="2025-02-06T16:50:54 MST" name="tearDown" finished-at="2025-02-06T16:50:54 MST" duration-ms="751" status="PASS">
          <reporter-output>
          </reporter-output>
        </test-method> <!-- tearDown -->
      </class> <!-- mytests.SeleniumGridParallel -->
    </test> <!-- Chrome Test -->
    <test started-at="2025-02-06T16:50:48 MST" name="Edge Test" finished-at="2025-02-06T16:50:55 MST" duration-ms="7078">
      <class name="mytests.SeleniumGridParallel">
        <test-method is-config="true" signature="setup(java.lang.String)[pri:0, instance:mytests.SeleniumGridParallel@291caca8]" started-at="2025-02-06T16:50:48 MST" name="setup" finished-at="2025-02-06T16:50:51 MST" duration-ms="2930" status="PASS">
          <params>
            <param index="0">
              <value>
                <![CDATA[edge]]>
              </value>
            </param>
          </params>
          <reporter-output>
          </reporter-output>
        </test-method> <!-- setup -->
        <test-method signature="testGoogle()[pri:0, instance:mytests.SeleniumGridParallel@291caca8]" started-at="2025-02-06T16:50:51 MST" name="testGoogle" finished-at="2025-02-06T16:50:54 MST" duration-ms="2467" status="PASS">
          <reporter-output>
          </reporter-output>
        </test-method> <!-- testGoogle -->
        <test-method is-config="true" signature="tearDown()[pri:0, instance:mytests.SeleniumGridParallel@291caca8]" started-at="2025-02-06T16:50:54 MST" name="tearDown" finished-at="2025-02-06T16:50:55 MST" duration-ms="1622" status="PASS">
          <reporter-output>
          </reporter-output>
        </test-method> <!-- tearDown -->
      </class> <!-- mytests.SeleniumGridParallel -->
    </test> <!-- Edge Test -->
    <test started-at="2025-02-06T16:50:48 MST" name="Firefox Test" finished-at="2025-02-06T16:50:59 MST" duration-ms="10746">
      <class name="mytests.SeleniumGridParallel">
        <test-method is-config="true" signature="setup(java.lang.String)[pri:0, instance:mytests.SeleniumGridParallel@45b4c3a9]" started-at="2025-02-06T16:50:48 MST" name="setup" finished-at="2025-02-06T16:50:55 MST" duration-ms="6740" status="PASS">
          <params>
            <param index="0">
              <value>
                <![CDATA[firefox]]>
              </value>
            </param>
          </params>
          <reporter-output>
          </reporter-output>
        </test-method> <!-- setup -->
        <test-method signature="testGoogle()[pri:0, instance:mytests.SeleniumGridParallel@45b4c3a9]" started-at="2025-02-06T16:50:55 MST" name="testGoogle" finished-at="2025-02-06T16:50:58 MST" duration-ms="2767" status="PASS">
          <reporter-output>
          </reporter-output>
        </test-method> <!-- testGoogle -->
        <test-method is-config="true" signature="tearDown()[pri:0, instance:mytests.SeleniumGridParallel@45b4c3a9]" started-at="2025-02-06T16:50:58 MST" name="tearDown" finished-at="2025-02-06T16:50:59 MST" duration-ms="1224" status="PASS">
          <reporter-output>
          </reporter-output>
        </test-method> <!-- tearDown -->
      </class> <!-- mytests.SeleniumGridParallel -->
    </test> <!-- Firefox Test -->
  </suite> <!-- Suite -->
</testng-results>
