<?xml version="1.0" encoding="UTF-8"?>
<testng-results ignored="0" total="4" passed="4" failed="0" skipped="0">
  <reporter-output>
  </reporter-output>
  <suite started-at="2025-02-17T15:29:38 MST" name="Default suite" finished-at="2025-02-17T15:29:58 MST" duration-ms="20066">
    <groups>
    </groups>
    <test started-at="2025-02-17T15:29:38 MST" name="Default test" finished-at="2025-02-17T15:29:58 MST" duration-ms="20066">
      <class name="mytests.GoogleHomePageTest">
        <test-method is-config="true" signature="setUp()[pri:0, instance:mytests.GoogleHomePageTest@2f9f7dcf]" started-at="2025-02-17T15:29:38 MST" name="setUp" finished-at="2025-02-17T15:29:43 MST" duration-ms="4440" status="PASS">
          <reporter-output>
          </reporter-output>
        </test-method> <!-- setUp -->
        <test-method signature="dispaly_Searchbox_Suggestions()[pri:0, instance:mytests.GoogleHomePageTest@2f9f7dcf]" started-at="2025-02-17T15:29:43 MST" name="dispaly_Searchbox_Suggestions" finished-at="2025-02-17T15:29:44 MST" duration-ms="1201" status="PASS">
          <reporter-output>
          </reporter-output>
        </test-method> <!-- dispaly_Searchbox_Suggestions -->
        <test-method is-config="true" signature="tearDown()[pri:0, instance:mytests.GoogleHomePageTest@2f9f7dcf]" started-at="2025-02-17T15:29:44 MST" name="tearDown" finished-at="2025-02-17T15:29:45 MST" duration-ms="652" status="PASS">
          <reporter-output>
          </reporter-output>
        </test-method> <!-- tearDown -->
        <test-method is-config="true" signature="setUp()[pri:0, instance:mytests.GoogleHomePageTest@2f9f7dcf]" started-at="2025-02-17T15:29:45 MST" name="setUp" finished-at="2025-02-17T15:29:48 MST" duration-ms="3450" status="PASS">
          <reporter-output>
          </reporter-output>
        </test-method> <!-- setUp -->
        <test-method signature="googleTitleTest()[pri:0, instance:mytests.GoogleHomePageTest@2f9f7dcf]" started-at="2025-02-17T15:29:48 MST" name="googleTitleTest" finished-at="2025-02-17T15:29:48 MST" duration-ms="15" status="PASS">
          <reporter-output>
          </reporter-output>
        </test-method> <!-- googleTitleTest -->
        <test-method is-config="true" signature="tearDown()[pri:0, instance:mytests.GoogleHomePageTest@2f9f7dcf]" started-at="2025-02-17T15:29:48 MST" name="tearDown" finished-at="2025-02-17T15:29:48 MST" duration-ms="252" status="PASS">
          <reporter-output>
          </reporter-output>
        </test-method> <!-- tearDown -->
        <test-method is-config="true" signature="setUp()[pri:0, instance:mytests.GoogleHomePageTest@2f9f7dcf]" started-at="2025-02-17T15:29:48 MST" name="setUp" finished-at="2025-02-17T15:29:52 MST" duration-ms="3348" status="PASS">
          <reporter-output>
          </reporter-output>
        </test-method> <!-- setUp -->
        <test-method signature="isTextBoxDisplayed()[pri:0, instance:mytests.GoogleHomePageTest@2f9f7dcf]" started-at="2025-02-17T15:29:52 MST" name="isTextBoxDisplayed" finished-at="2025-02-17T15:29:52 MST" duration-ms="76" status="PASS">
          <reporter-output>
          </reporter-output>
        </test-method> <!-- isTextBoxDisplayed -->
        <test-method is-config="true" signature="tearDown()[pri:0, instance:mytests.GoogleHomePageTest@2f9f7dcf]" started-at="2025-02-17T15:29:52 MST" name="tearDown" finished-at="2025-02-17T15:29:52 MST" duration-ms="274" status="PASS">
          <reporter-output>
          </reporter-output>
        </test-method> <!-- tearDown -->
        <test-method is-config="true" signature="setUp()[pri:0, instance:mytests.GoogleHomePageTest@2f9f7dcf]" started-at="2025-02-17T15:29:52 MST" name="setUp" finished-at="2025-02-17T15:29:55 MST" duration-ms="3293" status="PASS">
          <reporter-output>
          </reporter-output>
        </test-method> <!-- setUp -->
        <test-method signature="verifyAllWindows()[pri:0, instance:mytests.GoogleHomePageTest@2f9f7dcf]" started-at="2025-02-17T15:29:55 MST" name="verifyAllWindows" finished-at="2025-02-17T15:29:58 MST" duration-ms="2798" status="PASS">
          <reporter-output>
          </reporter-output>
        </test-method> <!-- verifyAllWindows -->
        <test-method is-config="true" signature="tearDown()[pri:0, instance:mytests.GoogleHomePageTest@2f9f7dcf]" started-at="2025-02-17T15:29:58 MST" name="tearDown" finished-at="2025-02-17T15:29:58 MST" duration-ms="201" status="PASS">
          <reporter-output>
          </reporter-output>
        </test-method> <!-- tearDown -->
      </class> <!-- mytests.GoogleHomePageTest -->
    </test> <!-- Default test -->
  </suite> <!-- Default suite -->
</testng-results>
