<?xml version="1.0" encoding="UTF-8"?>
<!-- Generated by org.testng.reporters.JUnitXMLReporter -->
<testsuite ignored="0" hostname="Lakshmi" failures="0" tests="4" name="Test" time="14.055" errors="0" timestamp="2025-02-17T15:46:06 MST">
  <testcase classname="mytests.GoogleHomePageTest" name="dispaly_Searchbox_Suggestions" time="0.434"/>
  <testcase classname="mytests.GoogleHomePageTest" name="googleTitleTest" time="0.014"/>
  <testcase classname="mytests.GoogleHomePageTest" name="isTextBoxDisplayed" time="0.066"/>
  <testcase classname="mytests.GoogleHomePageTest" name="verifyAllWindows" time="2.032"/>
</testsuite> <!-- Test -->
