<?xml version="1.0" encoding="UTF-8"?>
<testng-results ignored="0" total="4" passed="4" failed="0" skipped="0">
  <reporter-output>
  </reporter-output>
  <suite started-at="2025-02-17T15:45:52 MST" name="Suite" finished-at="2025-02-17T15:46:06 MST" duration-ms="14055">
    <groups>
    </groups>
    <test started-at="2025-02-17T15:45:52 MST" name="Test" finished-at="2025-02-17T15:46:06 MST" duration-ms="14055">
      <class name="mytests.GoogleHomePageTest">
        <test-method is-config="true" signature="setUp()[pri:0, instance:mytests.GoogleHomePageTest@3f197a46]" started-at="2025-02-17T15:45:52 MST" name="setUp" finished-at="2025-02-17T15:45:55 MST" duration-ms="3256" status="PASS">
          <reporter-output>
          </reporter-output>
        </test-method> <!-- setUp -->
        <test-method signature="dispaly_Searchbox_Suggestions()[pri:0, instance:mytests.GoogleHomePageTest@3f197a46]" started-at="2025-02-17T15:45:55 MST" name="dispaly_Searchbox_Suggestions" finished-at="2025-02-17T15:45:56 MST" duration-ms="434" status="PASS">
          <reporter-output>
          </reporter-output>
        </test-method> <!-- dispaly_Searchbox_Suggestions -->
        <test-method is-config="true" signature="tearDown()[pri:0, instance:mytests.GoogleHomePageTest@3f197a46]" started-at="2025-02-17T15:45:56 MST" name="tearDown" finished-at="2025-02-17T15:45:56 MST" duration-ms="211" status="PASS">
          <reporter-output>
          </reporter-output>
        </test-method> <!-- tearDown -->
        <test-method is-config="true" signature="setUp()[pri:0, instance:mytests.GoogleHomePageTest@3f197a46]" started-at="2025-02-17T15:45:56 MST" name="setUp" finished-at="2025-02-17T15:45:59 MST" duration-ms="3116" status="PASS">
          <reporter-output>
          </reporter-output>
        </test-method> <!-- setUp -->
        <test-method signature="googleTitleTest()[pri:0, instance:mytests.GoogleHomePageTest@3f197a46]" started-at="2025-02-17T15:45:59 MST" name="googleTitleTest" finished-at="2025-02-17T15:45:59 MST" duration-ms="14" status="PASS">
          <reporter-output>
          </reporter-output>
        </test-method> <!-- googleTitleTest -->
        <test-method is-config="true" signature="tearDown()[pri:0, instance:mytests.GoogleHomePageTest@3f197a46]" started-at="2025-02-17T15:45:59 MST" name="tearDown" finished-at="2025-02-17T15:45:59 MST" duration-ms="195" status="PASS">
          <reporter-output>
          </reporter-output>
        </test-method> <!-- tearDown -->
        <test-method is-config="true" signature="setUp()[pri:0, instance:mytests.GoogleHomePageTest@3f197a46]" started-at="2025-02-17T15:45:59 MST" name="setUp" finished-at="2025-02-17T15:46:02 MST" duration-ms="2464" status="PASS">
          <reporter-output>
          </reporter-output>
        </test-method> <!-- setUp -->
        <test-method signature="isTextBoxDisplayed()[pri:0, instance:mytests.GoogleHomePageTest@3f197a46]" started-at="2025-02-17T15:46:02 MST" name="isTextBoxDisplayed" finished-at="2025-02-17T15:46:02 MST" duration-ms="66" status="PASS">
          <reporter-output>
          </reporter-output>
        </test-method> <!-- isTextBoxDisplayed -->
        <test-method is-config="true" signature="tearDown()[pri:0, instance:mytests.GoogleHomePageTest@3f197a46]" started-at="2025-02-17T15:46:02 MST" name="tearDown" finished-at="2025-02-17T15:46:02 MST" duration-ms="148" status="PASS">
          <reporter-output>
          </reporter-output>
        </test-method> <!-- tearDown -->
        <test-method is-config="true" signature="setUp()[pri:0, instance:mytests.GoogleHomePageTest@3f197a46]" started-at="2025-02-17T15:46:02 MST" name="setUp" finished-at="2025-02-17T15:46:04 MST" duration-ms="1862" status="PASS">
          <reporter-output>
          </reporter-output>
        </test-method> <!-- setUp -->
        <test-method signature="verifyAllWindows()[pri:0, instance:mytests.GoogleHomePageTest@3f197a46]" started-at="2025-02-17T15:46:04 MST" name="verifyAllWindows" finished-at="2025-02-17T15:46:06 MST" duration-ms="2032" status="PASS">
          <reporter-output>
          </reporter-output>
        </test-method> <!-- verifyAllWindows -->
        <test-method is-config="true" signature="tearDown()[pri:0, instance:mytests.GoogleHomePageTest@3f197a46]" started-at="2025-02-17T15:46:06 MST" name="tearDown" finished-at="2025-02-17T15:46:06 MST" duration-ms="213" status="PASS">
          <reporter-output>
          </reporter-output>
        </test-method> <!-- tearDown -->
      </class> <!-- mytests.GoogleHomePageTest -->
    </test> <!-- Test -->
  </suite> <!-- Suite -->
</testng-results>
