<?xml version="1.0" encoding="UTF-8"?>
<!-- Generated by org.testng.reporters.JUnitXMLReporter -->
<testsuite ignored="0" hostname="Lakshmi" failures="0" tests="4" name="Default test" time="20.066" errors="0" timestamp="2025-02-17T15:29:58 MST">
  <testcase classname="mytests.GoogleHomePageTest" name="dispaly_Searchbox_Suggestions" time="1.201"/>
  <testcase classname="mytests.GoogleHomePageTest" name="googleTitleTest" time="0.015"/>
  <testcase classname="mytests.GoogleHomePageTest" name="isTextBoxDisplayed" time="0.076"/>
  <testcase classname="mytests.GoogleHomePageTest" name="verifyAllWindows" time="2.798"/>
</testsuite> <!-- Default test -->
